TN:
SF:src\config\database.js
FN:13,(anonymous_0)
FN:14,(anonymous_1)
FN:31,(anonymous_2)
FN:32,(anonymous_3)
FNF:4
FNH:2
FNDA:1,(anonymous_0)
FNDA:1,(anonymous_1)
FNDA:0,(anonymous_2)
FNDA:0,(anonymous_3)
DA:1,2
DA:4,2
DA:5,2
DA:11,2
DA:13,1
DA:14,1
DA:16,0
DA:17,0
DA:18,0
DA:19,0
DA:20,0
DA:21,0
DA:22,0
DA:29,0
DA:31,0
DA:32,0
DA:35,2
LF:17
LH:7
BRDA:4,0,0,2
BRDA:4,0,1,0
BRDA:16,1,0,0
BRDA:16,1,1,0
BRDA:17,2,0,0
BRDA:17,2,1,0
BRDA:18,3,0,0
BRDA:18,3,1,0
BRDA:19,4,0,0
BRDA:19,4,1,0
BRDA:20,5,0,0
BRDA:20,5,1,0
BRDA:21,6,0,0
BRDA:21,6,1,0
BRDA:26,7,0,0
BRDA:26,7,1,0
BRF:16
BRH:1
end_of_record
TN:
SF:src\controllers\UserController.js
FN:10,validateJwtSecret
FN:42,(anonymous_1)
FN:47,(anonymous_2)
FN:67,(anonymous_3)
FN:72,(anonymous_4)
FN:97,(anonymous_5)
FN:101,(anonymous_6)
FN:102,(anonymous_7)
FN:111,(anonymous_8)
FN:115,(anonymous_9)
FN:116,(anonymous_10)
FN:134,(anonymous_11)
FN:164,(anonymous_12)
FN:185,requireRole
FN:186,(anonymous_14)
FN:195,(anonymous_15)
FN:212,(anonymous_16)
FN:227,(anonymous_17)
FN:238,(anonymous_18)
FN:250,auth
FNF:20
FNH:6
FNDA:2,validateJwtSecret
FNDA:6,(anonymous_1)
FNDA:0,(anonymous_2)
FNDA:3,(anonymous_3)
FNDA:0,(anonymous_4)
FNDA:0,(anonymous_5)
FNDA:0,(anonymous_6)
FNDA:0,(anonymous_7)
FNDA:0,(anonymous_8)
FNDA:0,(anonymous_9)
FNDA:0,(anonymous_10)
FNDA:0,(anonymous_11)
FNDA:0,(anonymous_12)
FNDA:2,requireRole
FNDA:0,(anonymous_14)
FNDA:1,(anonymous_15)
FNDA:0,(anonymous_16)
FNDA:0,(anonymous_17)
FNDA:0,(anonymous_18)
FNDA:3,auth
DA:1,2
DA:2,2
DA:3,2
DA:4,2
DA:5,2
DA:6,2
DA:7,2
DA:11,2
DA:12,2
DA:13,0
DA:14,0
DA:18,0
DA:19,0
DA:21,0
DA:23,2
DA:27,2
DA:30,2
DA:36,2
DA:43,6
DA:44,6
DA:45,6
DA:46,0
DA:47,0
DA:49,6
DA:51,6
DA:52,6
DA:53,1
DA:56,5
DA:57,5
DA:58,5
DA:59,5
DA:60,5
DA:62,0
DA:63,0
DA:68,3
DA:69,3
DA:70,3
DA:71,0
DA:72,0
DA:74,3
DA:76,3
DA:77,3
DA:78,0
DA:81,3
DA:82,3
DA:83,1
DA:86,2
DA:89,2
DA:90,2
DA:92,0
DA:93,0
DA:98,0
DA:102,0
DA:103,0
DA:104,0
DA:107,0
DA:112,0
DA:116,0
DA:117,0
DA:118,0
DA:121,0
DA:126,2
DA:127,0
DA:135,0
DA:136,0
DA:137,0
DA:138,0
DA:146,0
DA:148,0
DA:155,2
DA:156,0
DA:165,0
DA:166,0
DA:167,0
DA:168,0
DA:176,0
DA:178,0
DA:186,2
DA:187,0
DA:188,0
DA:190,0
DA:196,1
DA:197,1
DA:201,1
DA:202,0
DA:204,1
DA:205,1
DA:207,0
DA:208,0
DA:213,0
DA:214,0
DA:215,0
DA:216,0
DA:218,0
DA:219,0
DA:220,0
DA:222,0
DA:223,0
DA:228,0
DA:229,0
DA:230,0
DA:231,0
DA:233,0
DA:234,0
DA:239,0
DA:240,0
DA:241,0
DA:242,0
DA:244,0
DA:245,0
DA:251,3
DA:252,3
DA:253,3
DA:254,1
DA:256,2
DA:257,2
DA:258,1
DA:259,1
DA:260,1
DA:262,1
DA:263,1
DA:267,2
LF:122
LH:57
BRDA:12,0,0,0
BRDA:12,0,1,2
BRDA:16,1,0,0
BRDA:16,1,1,0
BRDA:18,2,0,0
BRDA:18,2,1,0
BRDA:45,3,0,0
BRDA:45,3,1,6
BRDA:52,4,0,1
BRDA:52,4,1,5
BRDA:70,5,0,0
BRDA:70,5,1,3
BRDA:77,6,0,0
BRDA:77,6,1,3
BRDA:82,7,0,1
BRDA:82,7,1,2
BRDA:103,8,0,0
BRDA:103,8,1,0
BRDA:103,9,0,0
BRDA:103,9,1,0
BRDA:117,10,0,0
BRDA:117,10,1,0
BRDA:117,11,0,0
BRDA:117,11,1,0
BRDA:126,12,0,0
BRDA:126,12,1,2
BRDA:126,13,0,2
BRDA:126,13,1,0
BRDA:126,13,2,0
BRDA:137,14,0,0
BRDA:137,14,1,0
BRDA:155,15,0,0
BRDA:155,15,1,2
BRDA:155,16,0,2
BRDA:155,16,1,0
BRDA:155,16,2,0
BRDA:167,17,0,0
BRDA:167,17,1,0
BRDA:187,18,0,0
BRDA:187,18,1,0
BRDA:187,19,0,0
BRDA:187,19,1,0
BRDA:201,20,0,0
BRDA:201,20,1,1
BRDA:215,21,0,0
BRDA:215,21,1,0
BRDA:253,22,0,1
BRDA:253,22,1,2
BRF:48
BRH:15
end_of_record
TN:
SF:src\models\User.js
FN:70,(anonymous_0)
FN:75,(anonymous_1)
FN:144,(anonymous_2)
FNF:3
FNH:2
FNDA:5,(anonymous_0)
FNDA:5,(anonymous_1)
FNDA:0,(anonymous_2)
DA:1,2
DA:2,2
DA:5,2
DA:71,5
DA:72,0
DA:76,5
DA:83,2
DA:145,0
DA:152,2
DA:153,2
DA:155,2
LF:11
LH:9
BRDA:71,0,0,0
BRDA:71,0,1,5
BRF:2
BRH:1
end_of_record
TN:
SF:src\routes\userRoutes.js
FN:18,(anonymous_0)
FN:22,(anonymous_1)
FN:32,(anonymous_2)
FN:36,(anonymous_3)
FN:50,(anonymous_4)
FN:58,(anonymous_5)
FNF:6
FNH:5
FNDA:7,(anonymous_0)
FNDA:3,(anonymous_1)
FNDA:4,(anonymous_2)
FNDA:1,(anonymous_3)
FNDA:3,(anonymous_4)
FNDA:0,(anonymous_5)
DA:2,2
DA:3,2
DA:4,2
DA:5,2
DA:7,2
DA:10,2
DA:19,7
DA:20,7
DA:21,1
DA:22,3
DA:24,6
DA:29,2
DA:33,4
DA:34,4
DA:35,1
DA:36,1
DA:38,3
DA:42,2
DA:43,2
DA:44,2
DA:45,2
DA:46,2
DA:47,2
DA:49,2
DA:50,2
DA:51,3
DA:52,3
DA:54,2
DA:55,2
DA:56,2
DA:57,2
DA:58,2
DA:60,2
LF:33
LH:33
BRDA:20,0,0,1
BRDA:20,0,1,6
BRDA:34,1,0,1
BRDA:34,1,1,3
BRF:4
BRH:4
end_of_record
